[2024-09-07 15:47:48Z INFO HostContext] No proxy settings were found based on environmental variables (http_proxy/https_proxy/HTTP_PROXY/HTTPS_PROXY)
[2024-09-07 15:47:48Z INFO HostContext] Well known directory 'Bin': '/home/youssef/coursera/embedded_linux/assignment-1-youssefalarnaouty/actions-runner/bin'
[2024-09-07 15:47:48Z INFO HostContext] Well known directory 'Root': '/home/youssef/coursera/embedded_linux/assignment-1-youssefalarnaouty/actions-runner'
[2024-09-07 15:47:48Z INFO HostContext] Well known config file 'Credentials': '/home/youssef/coursera/embedded_linux/assignment-1-youssefalarnaouty/actions-runner/.credentials'
[2024-09-07 15:47:49Z INFO HostContext] Well known directory 'Bin': '/home/youssef/coursera/embedded_linux/assignment-1-youssefalarnaouty/actions-runner/bin'
[2024-09-07 15:47:49Z INFO HostContext] Well known directory 'Root': '/home/youssef/coursera/embedded_linux/assignment-1-youssefalarnaouty/actions-runner'
[2024-09-07 15:47:49Z INFO HostContext] Well known config file 'Runner': '/home/youssef/coursera/embedded_linux/assignment-1-youssefalarnaouty/actions-runner/.runner'
[2024-09-07 15:47:49Z INFO Listener] Runner is built for Linux (X64) - linux-x64.
[2024-09-07 15:47:49Z INFO Listener] RuntimeInformation: Linux 5.4.0-193-generic #213-Ubuntu SMP Fri Aug 2 19:14:16 UTC 2024.
[2024-09-07 15:47:49Z INFO Listener] Version: 2.319.1
[2024-09-07 15:47:49Z INFO Listener] Commit: bc6614c04d3ddc20e5ca5d5a87ae2b58dda322ec
[2024-09-07 15:47:49Z INFO Listener] Culture: en-US
[2024-09-07 15:47:49Z INFO Listener] UI Culture: en-US
[2024-09-07 15:47:49Z INFO HostContext] Well known directory 'Bin': '/home/youssef/coursera/embedded_linux/assignment-1-youssefalarnaouty/actions-runner/bin'
[2024-09-07 15:47:49Z INFO HostContext] Well known directory 'Root': '/home/youssef/coursera/embedded_linux/assignment-1-youssefalarnaouty/actions-runner'
[2024-09-07 15:47:49Z INFO Listener] Validating directory permissions for: '/home/youssef/coursera/embedded_linux/assignment-1-youssefalarnaouty/actions-runner'
[2024-09-07 15:47:49Z INFO CommandLineParser] Parse
[2024-09-07 15:47:49Z INFO CommandLineParser] Parsing 1 args
[2024-09-07 15:47:49Z INFO CommandLineParser] parsing argument
[2024-09-07 15:47:49Z INFO CommandLineParser] HasArgs: False
[2024-09-07 15:47:49Z INFO CommandLineParser] Adding Command: run
[2024-09-07 15:47:49Z INFO Listener] Arguments parsed
[2024-09-07 15:47:49Z INFO Runner] ExecuteCommand
[2024-09-07 15:47:49Z INFO ConfigurationStore] currentAssemblyLocation: /home/youssef/coursera/embedded_linux/assignment-1-youssefalarnaouty/actions-runner/bin/Runner.Listener.dll
[2024-09-07 15:47:49Z INFO HostContext] Well known directory 'Bin': '/home/youssef/coursera/embedded_linux/assignment-1-youssefalarnaouty/actions-runner/bin'
[2024-09-07 15:47:49Z INFO ConfigurationStore] binPath: /home/youssef/coursera/embedded_linux/assignment-1-youssefalarnaouty/actions-runner/bin
[2024-09-07 15:47:49Z INFO HostContext] Well known directory 'Bin': '/home/youssef/coursera/embedded_linux/assignment-1-youssefalarnaouty/actions-runner/bin'
[2024-09-07 15:47:49Z INFO HostContext] Well known directory 'Root': '/home/youssef/coursera/embedded_linux/assignment-1-youssefalarnaouty/actions-runner'
[2024-09-07 15:47:49Z INFO ConfigurationStore] RootFolder: /home/youssef/coursera/embedded_linux/assignment-1-youssefalarnaouty/actions-runner
[2024-09-07 15:47:49Z INFO HostContext] Well known directory 'Bin': '/home/youssef/coursera/embedded_linux/assignment-1-youssefalarnaouty/actions-runner/bin'
[2024-09-07 15:47:49Z INFO HostContext] Well known directory 'Root': '/home/youssef/coursera/embedded_linux/assignment-1-youssefalarnaouty/actions-runner'
[2024-09-07 15:47:49Z INFO HostContext] Well known config file 'Runner': '/home/youssef/coursera/embedded_linux/assignment-1-youssefalarnaouty/actions-runner/.runner'
[2024-09-07 15:47:49Z INFO ConfigurationStore] ConfigFilePath: /home/youssef/coursera/embedded_linux/assignment-1-youssefalarnaouty/actions-runner/.runner
[2024-09-07 15:47:49Z INFO HostContext] Well known directory 'Bin': '/home/youssef/coursera/embedded_linux/assignment-1-youssefalarnaouty/actions-runner/bin'
[2024-09-07 15:47:49Z INFO HostContext] Well known directory 'Root': '/home/youssef/coursera/embedded_linux/assignment-1-youssefalarnaouty/actions-runner'
[2024-09-07 15:47:49Z INFO HostContext] Well known config file 'Credentials': '/home/youssef/coursera/embedded_linux/assignment-1-youssefalarnaouty/actions-runner/.credentials'
[2024-09-07 15:47:49Z INFO ConfigurationStore] CredFilePath: /home/youssef/coursera/embedded_linux/assignment-1-youssefalarnaouty/actions-runner/.credentials
[2024-09-07 15:47:49Z INFO HostContext] Well known directory 'Bin': '/home/youssef/coursera/embedded_linux/assignment-1-youssefalarnaouty/actions-runner/bin'
[2024-09-07 15:47:49Z INFO HostContext] Well known directory 'Root': '/home/youssef/coursera/embedded_linux/assignment-1-youssefalarnaouty/actions-runner'
[2024-09-07 15:47:49Z INFO HostContext] Well known config file 'MigratedCredentials': '/home/youssef/coursera/embedded_linux/assignment-1-youssefalarnaouty/actions-runner/.credentials_migrated'
[2024-09-07 15:47:49Z INFO ConfigurationStore] MigratedCredFilePath: /home/youssef/coursera/embedded_linux/assignment-1-youssefalarnaouty/actions-runner/.credentials_migrated
[2024-09-07 15:47:49Z INFO HostContext] Well known directory 'Bin': '/home/youssef/coursera/embedded_linux/assignment-1-youssefalarnaouty/actions-runner/bin'
[2024-09-07 15:47:49Z INFO HostContext] Well known directory 'Root': '/home/youssef/coursera/embedded_linux/assignment-1-youssefalarnaouty/actions-runner'
[2024-09-07 15:47:49Z INFO HostContext] Well known config file 'Service': '/home/youssef/coursera/embedded_linux/assignment-1-youssefalarnaouty/actions-runner/.service'
[2024-09-07 15:47:49Z INFO ConfigurationStore] ServiceConfigFilePath: /home/youssef/coursera/embedded_linux/assignment-1-youssefalarnaouty/actions-runner/.service
[2024-09-07 15:47:49Z INFO CommandSettings] Flag 'help': 'False'
[2024-09-07 15:47:49Z INFO CommandSettings] Flag 'version': 'False'
[2024-09-07 15:47:49Z INFO CommandSettings] Flag 'commit': 'False'
[2024-09-07 15:47:49Z INFO CommandSettings] Flag 'check': 'False'
[2024-09-07 15:47:49Z INFO CommandSettings] Command 'configure': 'False'
[2024-09-07 15:47:49Z INFO CommandSettings] Command 'remove': 'False'
[2024-09-07 15:47:49Z INFO CommandSettings] Command 'warmup': 'False'
[2024-09-07 15:47:49Z INFO ConfigurationManager] LoadSettings
[2024-09-07 15:47:49Z INFO ConfigurationStore] IsConfigured()
[2024-09-07 15:47:49Z INFO ConfigurationStore] IsConfigured: True
[2024-09-07 15:47:49Z INFO ConfigurationManager] Is configured: True
[2024-09-07 15:47:49Z INFO ConfigurationStore] Read setting file: 320 chars
[2024-09-07 15:47:49Z INFO ConfigurationManager] Settings Loaded
[2024-09-07 15:47:49Z INFO ConfigurationStore] IsServiceConfigured()
[2024-09-07 15:47:49Z INFO ConfigurationStore] IsServiceConfigured: False
[2024-09-07 15:47:49Z INFO CommandSettings] Command 'run': 'True'
[2024-09-07 15:47:49Z INFO ConfigurationStore] IsConfigured()
[2024-09-07 15:47:49Z INFO ConfigurationStore] IsConfigured: True
[2024-09-07 15:47:49Z INFO ConfigurationManager] Is configured: True
[2024-09-07 15:47:49Z INFO Runner] Could not parse the argument value '' for StartupType. Defaulting to Manual
[2024-09-07 15:47:49Z INFO Runner] Set runner startup type - Manual
[2024-09-07 15:47:49Z INFO CommandSettings] Flag 'once': 'False'
[2024-09-07 15:47:49Z INFO CommandSettings] Flag 'once': 'False'
[2024-09-07 15:47:49Z INFO Runner] RunAsync
[2024-09-07 15:47:49Z INFO ConfigurationManager] LoadSettings
[2024-09-07 15:47:49Z INFO ConfigurationStore] IsConfigured()
[2024-09-07 15:47:49Z INFO ConfigurationStore] IsConfigured: True
[2024-09-07 15:47:49Z INFO ConfigurationManager] Is configured: True
[2024-09-07 15:47:49Z INFO ConfigurationManager] Settings Loaded
[2024-09-07 15:47:49Z INFO MessageListener] {
  "AgentId": 2,
  "AgentName": "youssef-g3",
  "PoolId": 1,
  "PoolName": "Default",
  "ServerUrl": "https://pipelinesghubeus12.actions.githubusercontent.com/93hQracw8h4fNL7Ctt4N3AHi2x2RarlOwTlfd8PSxz0nWAWm2Z/",
  "GitHubUrl": "https://github.com/cu-ecen-aeld/assignment-1-youssefalarnaouty",
  "WorkFolder": "_work"
}
[2024-09-07 15:47:49Z INFO MessageListener] Loading Credentials
[2024-09-07 15:47:49Z INFO ConfigurationStore] HasCredentials()
[2024-09-07 15:47:49Z INFO ConfigurationStore] stored True
[2024-09-07 15:47:49Z INFO CredentialManager] GetCredentialProvider
[2024-09-07 15:47:49Z INFO CredentialManager] Creating type OAuth
[2024-09-07 15:47:49Z INFO CredentialManager] Creating credential type: OAuth
[2024-09-07 15:47:49Z INFO HostContext] Well known directory 'Bin': '/home/youssef/coursera/embedded_linux/assignment-1-youssefalarnaouty/actions-runner/bin'
[2024-09-07 15:47:49Z INFO HostContext] Well known directory 'Root': '/home/youssef/coursera/embedded_linux/assignment-1-youssefalarnaouty/actions-runner'
[2024-09-07 15:47:49Z INFO HostContext] Well known config file 'RSACredentials': '/home/youssef/coursera/embedded_linux/assignment-1-youssefalarnaouty/actions-runner/.credentials_rsaparams'
[2024-09-07 15:47:49Z INFO RSAFileKeyManager] Loading RSA key parameters from file /home/youssef/coursera/embedded_linux/assignment-1-youssefalarnaouty/actions-runner/.credentials_rsaparams
[2024-09-07 15:47:49Z INFO MessageListener] Attempt to create session.
[2024-09-07 15:47:49Z INFO MessageListener] Connecting to the Runner Server...
[2024-09-07 15:47:49Z INFO RunnerServer] EstablishVssConnection
[2024-09-07 15:47:49Z INFO RunnerServer] Establish connection with 100 seconds timeout.
[2024-09-07 15:47:49Z INFO GitHubActionsService] Starting operation Location.GetConnectionData
[2024-09-07 15:47:49Z INFO RunnerServer] EstablishVssConnection
[2024-09-07 15:47:49Z INFO RunnerServer] Establish connection with 60 seconds timeout.
[2024-09-07 15:47:49Z INFO GitHubActionsService] Starting operation Location.GetConnectionData
[2024-09-07 15:47:49Z INFO RunnerServer] EstablishVssConnection
[2024-09-07 15:47:49Z INFO RunnerServer] Establish connection with 60 seconds timeout.
[2024-09-07 15:47:49Z INFO GitHubActionsService] Starting operation Location.GetConnectionData
[2024-09-07 15:47:50Z INFO GitHubActionsService] Finished operation Location.GetConnectionData
[2024-09-07 15:47:50Z INFO GitHubActionsService] Finished operation Location.GetConnectionData
[2024-09-07 15:47:50Z INFO GitHubActionsService] Finished operation Location.GetConnectionData
[2024-09-07 15:47:50Z INFO MessageListener] VssConnection created
[2024-09-07 15:47:50Z INFO Terminal] WRITE LINE: 
[2024-09-07 15:47:50Z INFO Terminal] WRITE LINE: 
[2024-09-07 15:47:50Z INFO RSAFileKeyManager] Loading RSA key parameters from file /home/youssef/coursera/embedded_linux/assignment-1-youssefalarnaouty/actions-runner/.credentials_rsaparams
[2024-09-07 15:47:50Z INFO RSAFileKeyManager] Loading RSA key parameters from file /home/youssef/coursera/embedded_linux/assignment-1-youssefalarnaouty/actions-runner/.credentials_rsaparams
[2024-09-07 15:47:51Z INFO GitHubActionsService] AAD Correlation ID for this token request: Unknown
[2024-09-07 15:47:51Z INFO MessageListener] Session created.
[2024-09-07 15:47:51Z INFO Terminal] WRITE LINE: Current runner version: '2.319.1'
[2024-09-07 15:47:51Z INFO Terminal] WRITE LINE: 2024-09-07 15:47:51Z: Listening for Jobs
[2024-09-07 15:47:51Z INFO JobDispatcher] Set runner/worker IPC timeout to 30 seconds.
[2024-09-07 15:47:51Z INFO MessageListener] BrokerMigration message received. Polling Broker for messages...
[2024-09-07 15:47:51Z INFO RSAFileKeyManager] Loading RSA key parameters from file /home/youssef/coursera/embedded_linux/assignment-1-youssefalarnaouty/actions-runner/.credentials_rsaparams
[2024-09-07 15:47:52Z INFO GitHubActionsService] AAD Correlation ID for this token request: Unknown
[2024-09-07 15:48:43Z INFO MessageListener] BrokerMigration message received. Polling Broker for messages...
[2024-09-07 15:49:33Z INFO MessageListener] BrokerMigration message received. Polling Broker for messages...
[2024-09-07 15:50:24Z INFO MessageListener] BrokerMigration message received. Polling Broker for messages...
[2024-09-07 15:51:15Z INFO MessageListener] BrokerMigration message received. Polling Broker for messages...
[2024-09-07 15:52:05Z INFO MessageListener] BrokerMigration message received. Polling Broker for messages...
[2024-09-07 15:53:00Z INFO MessageListener] BrokerMigration message received. Polling Broker for messages...
[2024-09-07 15:53:51Z INFO MessageListener] BrokerMigration message received. Polling Broker for messages...
[2024-09-07 15:54:42Z INFO MessageListener] BrokerMigration message received. Polling Broker for messages...
[2024-09-07 15:55:32Z INFO MessageListener] BrokerMigration message received. Polling Broker for messages...
[2024-09-07 15:56:30Z INFO MessageListener] BrokerMigration message received. Polling Broker for messages...
[2024-09-07 15:57:22Z INFO MessageListener] BrokerMigration message received. Polling Broker for messages...
[2024-09-07 15:58:13Z INFO MessageListener] BrokerMigration message received. Polling Broker for messages...
[2024-09-07 15:59:04Z INFO MessageListener] BrokerMigration message received. Polling Broker for messages...
[2024-09-07 15:59:54Z INFO MessageListener] BrokerMigration message received. Polling Broker for messages...
[2024-09-07 16:00:45Z INFO MessageListener] BrokerMigration message received. Polling Broker for messages...
[2024-09-07 16:01:04Z INFO Terminal] WRITE LINE: Exiting...
[2024-09-07 16:01:04Z INFO ConfigurationStore] IsServiceConfigured()
[2024-09-07 16:01:04Z INFO ConfigurationStore] IsServiceConfigured: False
[2024-09-07 16:01:04Z INFO HostContext] Runner will be shutdown for UserCancelled
[2024-09-07 16:01:04Z WARN GitHubActionsService] GET request to https://broker.actions.githubusercontent.com/message?sessionId=d74078e2-60e6-4331-9b80-8e61fadee49d&status=Online&runnerVersion=2.319.1&os=Linux&architecture=X64&disableUpdate=false has been cancelled.
[2024-09-07 16:01:04Z ERR  BrokerServer] Catch exception during request
[2024-09-07 16:01:04Z ERR  BrokerServer] System.Threading.Tasks.TaskCanceledException: The operation was canceled.
 ---> System.IO.IOException: Unable to read data from the transport connection: Operation canceled.
 ---> System.Net.Sockets.SocketException (125): Operation canceled
   --- End of inner exception stack trace ---
   at System.Net.Sockets.Socket.AwaitableSocketAsyncEventArgs.ThrowException(SocketError error, CancellationToken cancellationToken)
   at System.Net.Sockets.Socket.AwaitableSocketAsyncEventArgs.System.Threading.Tasks.Sources.IValueTaskSource<System.Int32>.GetResult(Int16 token)
   at System.Net.Security.SslStream.EnsureFullTlsFrameAsync[TIOAdapter](TIOAdapter adapter)
   at System.Net.Security.SslStream.ReadAsyncInternal[TIOAdapter](TIOAdapter adapter, Memory`1 buffer)
   at System.Net.Http.HttpConnection.SendAsyncCore(HttpRequestMessage request, Boolean async, CancellationToken cancellationToken)
   --- End of inner exception stack trace ---
   at System.Net.Http.HttpClient.HandleFailure(Exception e, Boolean telemetryStarted, HttpResponseMessage response, CancellationTokenSource cts, CancellationToken cancellationToken, CancellationTokenSource pendingRequestsCts)
   at System.Net.Http.HttpClient.<SendAsync>g__Core|83_0(HttpRequestMessage request, HttpCompletionOption completionOption, CancellationTokenSource cts, Boolean disposeCts, CancellationTokenSource pendingRequestsCts, CancellationToken originalCancellationToken)
   at Sdk.WebApi.WebApi.RawHttpClientBase.SendAsync(HttpRequestMessage message, HttpCompletionOption completionOption, Object userState, CancellationToken cancellationToken)
   at Sdk.WebApi.WebApi.RawHttpClientBase.SendAsync[T](HttpRequestMessage message, Boolean readErrorBody, Object userState, CancellationToken cancellationToken)
   at Sdk.WebApi.WebApi.RawHttpClientBase.SendAsync[T](HttpMethod method, IEnumerable`1 additionalHeaders, Uri requestUri, HttpContent content, IEnumerable`1 queryParameters, Boolean readErrorBody, Object userState, CancellationToken cancellationToken)
   at GitHub.Actions.RunService.WebApi.BrokerHttpClient.GetRunnerMessageAsync(Nullable`1 sessionId, String runnerVersion, Nullable`1 status, String os, String architecture, Nullable`1 disableUpdate, CancellationToken cancellationToken)
   at GitHub.Runner.Common.BrokerServer.<>c__DisplayClass7_0.<<GetRunnerMessageAsync>b__0>d.MoveNext()
--- End of stack trace from previous location ---
   at GitHub.Runner.Common.RunnerService.RetryRequest[T](Func`1 func, CancellationToken cancellationToken, Int32 maxRetryAttemptsCount, Func`2 shouldRetry)
[2024-09-07 16:01:04Z ERR  BrokerServer] #####################################################
[2024-09-07 16:01:04Z ERR  BrokerServer] System.IO.IOException: Unable to read data from the transport connection: Operation canceled.
 ---> System.Net.Sockets.SocketException (125): Operation canceled
   --- End of inner exception stack trace ---
   at System.Net.Sockets.Socket.AwaitableSocketAsyncEventArgs.ThrowException(SocketError error, CancellationToken cancellationToken)
   at System.Net.Sockets.Socket.AwaitableSocketAsyncEventArgs.System.Threading.Tasks.Sources.IValueTaskSource<System.Int32>.GetResult(Int16 token)
   at System.Net.Security.SslStream.EnsureFullTlsFrameAsync[TIOAdapter](TIOAdapter adapter)
   at System.Net.Security.SslStream.ReadAsyncInternal[TIOAdapter](TIOAdapter adapter, Memory`1 buffer)
   at System.Net.Http.HttpConnection.SendAsyncCore(HttpRequestMessage request, Boolean async, CancellationToken cancellationToken)
[2024-09-07 16:01:04Z ERR  BrokerServer] #####################################################
[2024-09-07 16:01:04Z ERR  BrokerServer] System.Net.Sockets.SocketException (125): Operation canceled
[2024-09-07 16:01:04Z WARN BrokerServer] Back off 6.512 seconds before next retry. 4 attempt left.
[2024-09-07 16:01:04Z INFO MessageListener] Get next message has been cancelled.
[2024-09-07 16:01:04Z INFO JobDispatcher] Shutting down JobDispatcher. Make sure all WorkerDispatcher has finished.
[2024-09-07 16:01:04Z INFO Runner] Deleting Runner Session...
[2024-09-07 16:01:04Z INFO Listener] Runner execution been cancelled.
