[2024-09-07 13:01:42Z INFO HostContext] No proxy settings were found based on environmental variables (http_proxy/https_proxy/HTTP_PROXY/HTTPS_PROXY)
[2024-09-07 13:01:42Z INFO HostContext] Well known directory 'Bin': '/home/youssef/coursera/embedded_linux/assignment-1-youssefalarnaouty/actions-runner/bin'
[2024-09-07 13:01:42Z INFO HostContext] Well known directory 'Root': '/home/youssef/coursera/embedded_linux/assignment-1-youssefalarnaouty/actions-runner'
[2024-09-07 13:01:42Z INFO HostContext] Well known config file 'Credentials': '/home/youssef/coursera/embedded_linux/assignment-1-youssefalarnaouty/actions-runner/.credentials'
[2024-09-07 13:01:42Z INFO HostContext] Well known directory 'Bin': '/home/youssef/coursera/embedded_linux/assignment-1-youssefalarnaouty/actions-runner/bin'
[2024-09-07 13:01:42Z INFO HostContext] Well known directory 'Root': '/home/youssef/coursera/embedded_linux/assignment-1-youssefalarnaouty/actions-runner'
[2024-09-07 13:01:42Z INFO HostContext] Well known config file 'Runner': '/home/youssef/coursera/embedded_linux/assignment-1-youssefalarnaouty/actions-runner/.runner'
[2024-09-07 13:01:42Z INFO Listener] Runner is built for Linux (X64) - linux-x64.
[2024-09-07 13:01:42Z INFO Listener] RuntimeInformation: Linux 5.4.0-193-generic #213-Ubuntu SMP Fri Aug 2 19:14:16 UTC 2024.
[2024-09-07 13:01:42Z INFO Listener] Version: 2.319.1
[2024-09-07 13:01:42Z INFO Listener] Commit: bc6614c04d3ddc20e5ca5d5a87ae2b58dda322ec
[2024-09-07 13:01:42Z INFO Listener] Culture: en-US
[2024-09-07 13:01:42Z INFO Listener] UI Culture: en-US
[2024-09-07 13:01:42Z INFO HostContext] Well known directory 'Bin': '/home/youssef/coursera/embedded_linux/assignment-1-youssefalarnaouty/actions-runner/bin'
[2024-09-07 13:01:42Z INFO HostContext] Well known directory 'Root': '/home/youssef/coursera/embedded_linux/assignment-1-youssefalarnaouty/actions-runner'
[2024-09-07 13:01:42Z INFO Listener] Validating directory permissions for: '/home/youssef/coursera/embedded_linux/assignment-1-youssefalarnaouty/actions-runner'
[2024-09-07 13:01:43Z INFO CommandLineParser] Parse
[2024-09-07 13:01:43Z INFO CommandLineParser] Parsing 5 args
[2024-09-07 13:01:43Z INFO CommandLineParser] parsing argument
[2024-09-07 13:01:43Z INFO CommandLineParser] HasArgs: False
[2024-09-07 13:01:43Z INFO CommandLineParser] Adding Command: configure
[2024-09-07 13:01:43Z INFO CommandLineParser] parsing argument
[2024-09-07 13:01:43Z INFO CommandLineParser] HasArgs: True
[2024-09-07 13:01:43Z INFO CommandLineParser] arg: url
[2024-09-07 13:01:43Z INFO CommandLineParser] parsing argument
[2024-09-07 13:01:43Z INFO CommandLineParser] HasArgs: True
[2024-09-07 13:01:43Z INFO CommandLineParser] Adding option 'url': 'https://github.com/cu-ecen-aeld/assignment-1-youssefalarnaouty'
[2024-09-07 13:01:43Z INFO CommandLineParser] parsing argument
[2024-09-07 13:01:43Z INFO CommandLineParser] HasArgs: True
[2024-09-07 13:01:43Z INFO CommandLineParser] arg: token
[2024-09-07 13:01:43Z INFO CommandLineParser] parsing argument
[2024-09-07 13:01:43Z INFO CommandLineParser] HasArgs: True
[2024-09-07 13:01:43Z INFO CommandLineParser] Adding option 'token': '***'
[2024-09-07 13:01:43Z INFO Listener] Arguments parsed
[2024-09-07 13:01:43Z INFO Runner] ExecuteCommand
[2024-09-07 13:01:43Z INFO ConfigurationStore] currentAssemblyLocation: /home/youssef/coursera/embedded_linux/assignment-1-youssefalarnaouty/actions-runner/bin/Runner.Listener.dll
[2024-09-07 13:01:43Z INFO HostContext] Well known directory 'Bin': '/home/youssef/coursera/embedded_linux/assignment-1-youssefalarnaouty/actions-runner/bin'
[2024-09-07 13:01:43Z INFO ConfigurationStore] binPath: /home/youssef/coursera/embedded_linux/assignment-1-youssefalarnaouty/actions-runner/bin
[2024-09-07 13:01:43Z INFO HostContext] Well known directory 'Bin': '/home/youssef/coursera/embedded_linux/assignment-1-youssefalarnaouty/actions-runner/bin'
[2024-09-07 13:01:43Z INFO HostContext] Well known directory 'Root': '/home/youssef/coursera/embedded_linux/assignment-1-youssefalarnaouty/actions-runner'
[2024-09-07 13:01:43Z INFO ConfigurationStore] RootFolder: /home/youssef/coursera/embedded_linux/assignment-1-youssefalarnaouty/actions-runner
[2024-09-07 13:01:43Z INFO HostContext] Well known directory 'Bin': '/home/youssef/coursera/embedded_linux/assignment-1-youssefalarnaouty/actions-runner/bin'
[2024-09-07 13:01:43Z INFO HostContext] Well known directory 'Root': '/home/youssef/coursera/embedded_linux/assignment-1-youssefalarnaouty/actions-runner'
[2024-09-07 13:01:43Z INFO HostContext] Well known config file 'Runner': '/home/youssef/coursera/embedded_linux/assignment-1-youssefalarnaouty/actions-runner/.runner'
[2024-09-07 13:01:43Z INFO ConfigurationStore] ConfigFilePath: /home/youssef/coursera/embedded_linux/assignment-1-youssefalarnaouty/actions-runner/.runner
[2024-09-07 13:01:43Z INFO HostContext] Well known directory 'Bin': '/home/youssef/coursera/embedded_linux/assignment-1-youssefalarnaouty/actions-runner/bin'
[2024-09-07 13:01:43Z INFO HostContext] Well known directory 'Root': '/home/youssef/coursera/embedded_linux/assignment-1-youssefalarnaouty/actions-runner'
[2024-09-07 13:01:43Z INFO HostContext] Well known config file 'Credentials': '/home/youssef/coursera/embedded_linux/assignment-1-youssefalarnaouty/actions-runner/.credentials'
[2024-09-07 13:01:43Z INFO ConfigurationStore] CredFilePath: /home/youssef/coursera/embedded_linux/assignment-1-youssefalarnaouty/actions-runner/.credentials
[2024-09-07 13:01:43Z INFO HostContext] Well known directory 'Bin': '/home/youssef/coursera/embedded_linux/assignment-1-youssefalarnaouty/actions-runner/bin'
[2024-09-07 13:01:43Z INFO HostContext] Well known directory 'Root': '/home/youssef/coursera/embedded_linux/assignment-1-youssefalarnaouty/actions-runner'
[2024-09-07 13:01:43Z INFO HostContext] Well known config file 'MigratedCredentials': '/home/youssef/coursera/embedded_linux/assignment-1-youssefalarnaouty/actions-runner/.credentials_migrated'
[2024-09-07 13:01:43Z INFO ConfigurationStore] MigratedCredFilePath: /home/youssef/coursera/embedded_linux/assignment-1-youssefalarnaouty/actions-runner/.credentials_migrated
[2024-09-07 13:01:43Z INFO HostContext] Well known directory 'Bin': '/home/youssef/coursera/embedded_linux/assignment-1-youssefalarnaouty/actions-runner/bin'
[2024-09-07 13:01:43Z INFO HostContext] Well known directory 'Root': '/home/youssef/coursera/embedded_linux/assignment-1-youssefalarnaouty/actions-runner'
[2024-09-07 13:01:43Z INFO HostContext] Well known config file 'Service': '/home/youssef/coursera/embedded_linux/assignment-1-youssefalarnaouty/actions-runner/.service'
[2024-09-07 13:01:43Z INFO ConfigurationStore] ServiceConfigFilePath: /home/youssef/coursera/embedded_linux/assignment-1-youssefalarnaouty/actions-runner/.service
[2024-09-07 13:01:43Z INFO CommandSettings] Flag 'help': 'False'
[2024-09-07 13:01:43Z INFO CommandSettings] Flag 'version': 'False'
[2024-09-07 13:01:43Z INFO CommandSettings] Flag 'commit': 'False'
[2024-09-07 13:01:43Z INFO CommandSettings] Flag 'check': 'False'
[2024-09-07 13:01:43Z INFO CommandSettings] Command 'configure': 'True'
[2024-09-07 13:01:43Z INFO Terminal] WRITE LINE: 
[2024-09-07 13:01:43Z INFO Terminal] WRITE LINE: --------------------------------------------------------------------------------
[2024-09-07 13:01:43Z INFO Terminal] WRITE LINE: |        ____ _ _   _   _       _          _        _   _                      |
[2024-09-07 13:01:43Z INFO Terminal] WRITE LINE: |       / ___(_) |_| | | |_   _| |__      / \   ___| |_(_) ___  _ __  ___      |
[2024-09-07 13:01:43Z INFO Terminal] WRITE LINE: |      | |  _| | __| |_| | | | | '_ \    / _ \ / __| __| |/ _ \| '_ \/ __|     |
[2024-09-07 13:01:43Z INFO Terminal] WRITE LINE: |      | |_| | | |_|  _  | |_| | |_) |  / ___ \ (__| |_| | (_) | | | \__ \     |
[2024-09-07 13:01:43Z INFO Terminal] WRITE LINE: |       \____|_|\__|_| |_|\__,_|_.__/  /_/   \_\___|\__|_|\___/|_| |_|___/     |
[2024-09-07 13:01:43Z INFO Terminal] WRITE LINE: |                                                                              |
[2024-09-07 13:01:43Z INFO Terminal] WRITE: |                       
[2024-09-07 13:01:43Z INFO Terminal] WRITE: Self-hosted runner registration
[2024-09-07 13:01:43Z INFO Terminal] WRITE LINE:                         |
[2024-09-07 13:01:43Z INFO Terminal] WRITE LINE: |                                                                              |
[2024-09-07 13:01:43Z INFO Terminal] WRITE LINE: --------------------------------------------------------------------------------
[2024-09-07 13:01:43Z INFO ConfigurationManager] ConfigureAsync
[2024-09-07 13:01:43Z INFO CommandSettings] Flag 'generateServiceConfig': 'False'
[2024-09-07 13:01:43Z INFO ConfigurationStore] IsConfigured()
[2024-09-07 13:01:43Z INFO ConfigurationStore] IsConfigured: False
[2024-09-07 13:01:43Z INFO ConfigurationManager] Is configured: False
[2024-09-07 13:01:43Z INFO CommandSettings] Arg 'url': 'https://github.com/cu-ecen-aeld/assignment-1-youssefalarnaouty'
[2024-09-07 13:01:43Z INFO CommandSettings] Remove url from Arg dictionary.
[2024-09-07 13:01:43Z INFO CommandSettings] Arg 'token': '***'
[2024-09-07 13:01:43Z INFO CommandSettings] Remove token from Arg dictionary.
[2024-09-07 13:01:43Z ERR  Terminal] WRITE ERROR: Http response code: NotFound from 'POST https://api.github.com/actions/runner-registration' (Request Id: D9CC:39CDDA:77B5AB7:7963D6A:66DC4EB7)
[2024-09-07 13:01:43Z ERR  Terminal] WRITE ERROR: {"message":"Not Found","documentation_url":"https://docs.github.com/rest","status":"404"}
[2024-09-07 13:01:43Z ERR  Runner] System.Net.Http.HttpRequestException: Response status code does not indicate success: 404 (Not Found).
   at System.Net.Http.HttpResponseMessage.EnsureSuccessStatusCode()
   at GitHub.Runner.Listener.Configuration.ConfigurationManager.GetTenantCredential(String githubUrl, String githubToken, String runnerEvent)
   at GitHub.Runner.Listener.Configuration.ConfigurationManager.ConfigureAsync(CommandSettings command)
   at GitHub.Runner.Listener.Runner.ExecuteCommand(CommandSettings command)
[2024-09-07 13:01:43Z ERR  Terminal] WRITE ERROR: Response status code does not indicate success: 404 (Not Found).
[2024-09-07 13:01:43Z INFO Listener] Runner execution has finished with return code 1
